<?xml version="1.0" encoding="UTF-8"?>
<!-- Generated by org.testng.reporters.JUnitReportReporter -->
<testsuite hostname="aea301-02" name="org.umlsync.autotest.filemenu.ClassDiagramElements" tests="2" failures="0" timestamp="11 Dec 2012 15:49:53 GMT" time="19.820" errors="0">
  <testcase name="testClassElementsCreation" time="13.589" classname="org.umlsync.autotest.filemenu.ClassDiagramElements"/>
  <testcase name="testClassEditable" time="6.231" classname="org.umlsync.autotest.filemenu.ClassDiagramElements"/>
</testsuite> <!-- org.umlsync.autotest.filemenu.ClassDiagramElements -->
