<?xml version="1.0" encoding="UTF-8"?>
<!-- Generated by org.testng.reporters.JUnitReportReporter -->
<testsuite hostname="aea301-02" name="org.umlsync.autotest.filemenu.ClassDiagramElements" tests="2" failures="0" timestamp="26 Nov 2012 09:54:48 GMT" time="15.010" errors="0">
  <testcase name="testClassEditable" time="8.692" classname="org.umlsync.autotest.filemenu.ClassDiagramElements"/>
  <testcase name="testClassElementsCreation" time="6.318" classname="org.umlsync.autotest.filemenu.ClassDiagramElements"/>
</testsuite> <!-- org.umlsync.autotest.filemenu.ClassDiagramElements -->
