<?xml version="1.0" encoding="UTF-8"?>
<!-- Generated by org.testng.reporters.JUnitReportReporter -->
<testsuite hostname="aea301-02" name="org.umlsync.autotest.filemenu.FileMenuHover" tests="2" failures="0" timestamp="23 Nov 2012 09:48:53 GMT" time="24.158" errors="0">
  <testcase name="testProjectMenuDialogs" time="6.365" classname="org.umlsync.autotest.filemenu.FileMenuHover"/>
  <testcase name="testFileMenuHover" time="17.793" classname="org.umlsync.autotest.filemenu.FileMenuHover"/>
</testsuite> <!-- org.umlsync.autotest.filemenu.FileMenuHover -->
