<?xml version="1.0" encoding="UTF-8"?>
<!-- Generated by org.testng.reporters.JUnitReportReporter -->
<testsuite hostname="aea301-02" name="org.umlsync.autotest.filemenu.ClassDiagramElements" tests="2" failures="0" timestamp="23 Nov 2012 10:43:31 GMT" time="32.654" errors="0">
  <testcase name="testClassElementsCreation" time="6.356" classname="org.umlsync.autotest.filemenu.ClassDiagramElements"/>
  <testcase name="testClassEditable" time="26.298" classname="org.umlsync.autotest.filemenu.ClassDiagramElements"/>
</testsuite> <!-- org.umlsync.autotest.filemenu.ClassDiagramElements -->
