<?xml version="1.0" encoding="UTF-8"?>
<!-- Generated by org.testng.reporters.JUnitReportReporter -->
<testsuite hostname="aea301-02" name="org.umlsync.autotest.filemenu.TestClassDiagram" tests="1" failures="0" timestamp="26 Dec 2012 21:05:46 GMT" time="13.138" errors="0">
  <testcase name="testClassDiagram_OperationManager_DNDMultiple" time="13.138" classname="org.umlsync.autotest.filemenu.TestClassDiagram"/>
</testsuite> <!-- org.umlsync.autotest.filemenu.TestClassDiagram -->
