<?xml version="1.0" encoding="UTF-8"?>
<!-- Generated by org.testng.reporters.JUnitReportReporter -->
<testsuite hostname="aea301-02" name="org.umlsync.autotest.filemenu.FileMenuHover" tests="2" failures="0" timestamp="11 Dec 2012 15:49:53 GMT" time="19.167" errors="0">
  <testcase name="testFileMenuHover" time="12.848" classname="org.umlsync.autotest.filemenu.FileMenuHover"/>
  <testcase name="testProjectMenuDialogs" time="6.319" classname="org.umlsync.autotest.filemenu.FileMenuHover"/>
</testsuite> <!-- org.umlsync.autotest.filemenu.FileMenuHover -->
