<?xml version="1.0" encoding="UTF-8"?>
<!-- Generated by org.testng.reporters.JUnitReportReporter -->
<testsuite hostname="aea301-02" name="org.umlsync.autotest.filemenu.TestClassDiagram" tests="1" failures="0" timestamp="24 Dec 2012 13:29:45 GMT" time="23.120" errors="0">
  <testcase name="testClassDiagram_OperationManagerImproved" time="23.120" classname="org.umlsync.autotest.filemenu.TestClassDiagram"/>
</testsuite> <!-- org.umlsync.autotest.filemenu.TestClassDiagram -->
