<?xml version="1.0" encoding="UTF-8"?>
<!-- Generated by org.testng.reporters.JUnitReportReporter -->
<testsuite hostname="aea301-02" name="org.umlsync.autotest.filemenu.TestClassDiagram" tests="1" failures="0" timestamp="28 Dec 2012 15:46:48 GMT" time="173.836" errors="0">
  <testcase name="testClassDiagram_OperationManager_ConnectorsSimple" time="173.836" classname="org.umlsync.autotest.filemenu.TestClassDiagram"/>
</testsuite> <!-- org.umlsync.autotest.filemenu.TestClassDiagram -->
