<?xml version="1.0" encoding="UTF-8"?>
<!-- Generated by org.testng.reporters.JUnitReportReporter -->
<testsuite hostname="aea301-02" name="org.umlsync.autotest.filemenu.FileMenuHover" tests="2" failures="0" timestamp="26 Nov 2012 09:54:48 GMT" time="22.319" errors="0">
  <testcase name="testProjectMenuDialogs" time="8.136" classname="org.umlsync.autotest.filemenu.FileMenuHover"/>
  <testcase name="testFileMenuHover" time="14.183" classname="org.umlsync.autotest.filemenu.FileMenuHover"/>
</testsuite> <!-- org.umlsync.autotest.filemenu.FileMenuHover -->
